Performing C SOURCE FILE Test CMAKE_HAVE_LIBC_PTHREAD failed with the following output:
Change Dir: /home/daniel/catkin_ws/src/Gyro-stabilized-Simulation/gyro_gazebo/cmake-build-debug/CMakeFiles/CMakeTmp

Run Build Command(s):/usr/bin/make cmTC_442e6/fast && /usr/bin/make -f CMakeFiles/cmTC_442e6.dir/build.make CMakeFiles/cmTC_442e6.dir/build
make[1]: Entering directory '/home/daniel/catkin_ws/src/Gyro-stabilized-Simulation/gyro_gazebo/cmake-build-debug/CMakeFiles/CMakeTmp'
Building C object CMakeFiles/cmTC_442e6.dir/src.c.o
/usr/bin/cc   -DCMAKE_HAVE_LIBC_PTHREAD   -o CMakeFiles/cmTC_442e6.dir/src.c.o   -c /home/daniel/catkin_ws/src/Gyro-stabilized-Simulation/gyro_gazebo/cmake-build-debug/CMakeFiles/CMakeTmp/src.c
Linking C executable cmTC_442e6
/opt/clion-2019.2.4/bin/cmake/linux/bin/cmake -E cmake_link_script CMakeFiles/cmTC_442e6.dir/link.txt --verbose=1
/usr/bin/cc  -DCMAKE_HAVE_LIBC_PTHREAD    -rdynamic CMakeFiles/cmTC_442e6.dir/src.c.o  -o cmTC_442e6 
CMakeFiles/cmTC_442e6.dir/src.c.o: In function `main':
src.c:(.text+0x3c): undefined reference to `pthread_create'
src.c:(.text+0x48): undefined reference to `pthread_detach'
src.c:(.text+0x59): undefined reference to `pthread_join'
src.c:(.text+0x6d): undefined reference to `pthread_atfork'
collect2: error: ld returned 1 exit status
CMakeFiles/cmTC_442e6.dir/build.make:86: recipe for target 'cmTC_442e6' failed
make[1]: *** [cmTC_442e6] Error 1
make[1]: Leaving directory '/home/daniel/catkin_ws/src/Gyro-stabilized-Simulation/gyro_gazebo/cmake-build-debug/CMakeFiles/CMakeTmp'
Makefile:121: recipe for target 'cmTC_442e6/fast' failed
make: *** [cmTC_442e6/fast] Error 2


Source file was:
#include <pthread.h>

void* test_func(void* data)
{
  return data;
}

int main(void)
{
  pthread_t thread;
  pthread_create(&thread, NULL, test_func, NULL);
  pthread_detach(thread);
  pthread_join(thread, NULL);
  pthread_atfork(NULL, NULL, NULL);
  pthread_exit(NULL);

  return 0;
}

Determining if the function pthread_create exists in the pthreads failed with the following output:
Change Dir: /home/daniel/catkin_ws/src/Gyro-stabilized-Simulation/gyro_gazebo/cmake-build-debug/CMakeFiles/CMakeTmp

Run Build Command(s):/usr/bin/make cmTC_9c21b/fast && /usr/bin/make -f CMakeFiles/cmTC_9c21b.dir/build.make CMakeFiles/cmTC_9c21b.dir/build
make[1]: Entering directory '/home/daniel/catkin_ws/src/Gyro-stabilized-Simulation/gyro_gazebo/cmake-build-debug/CMakeFiles/CMakeTmp'
Building C object CMakeFiles/cmTC_9c21b.dir/CheckFunctionExists.c.o
/usr/bin/cc   -DCHECK_FUNCTION_EXISTS=pthread_create   -o CMakeFiles/cmTC_9c21b.dir/CheckFunctionExists.c.o   -c /opt/clion-2019.2.4/bin/cmake/linux/share/cmake-3.15/Modules/CheckFunctionExists.c
Linking C executable cmTC_9c21b
/opt/clion-2019.2.4/bin/cmake/linux/bin/cmake -E cmake_link_script CMakeFiles/cmTC_9c21b.dir/link.txt --verbose=1
/usr/bin/cc  -DCHECK_FUNCTION_EXISTS=pthread_create    -rdynamic CMakeFiles/cmTC_9c21b.dir/CheckFunctionExists.c.o  -o cmTC_9c21b -lpthreads 
/usr/bin/ld: cannot find -lpthreads
collect2: error: ld returned 1 exit status
CMakeFiles/cmTC_9c21b.dir/build.make:86: recipe for target 'cmTC_9c21b' failed
make[1]: *** [cmTC_9c21b] Error 1
make[1]: Leaving directory '/home/daniel/catkin_ws/src/Gyro-stabilized-Simulation/gyro_gazebo/cmake-build-debug/CMakeFiles/CMakeTmp'
Makefile:121: recipe for target 'cmTC_9c21b/fast' failed
make: *** [cmTC_9c21b/fast] Error 2



